<?xml version="1.0" encoding="UTF-8"?>
<!-- Generated by org.testng.reporters.JUnitXMLReporter -->
<testsuite ignored="0" hostname="HKPs" failures="0" tests="6" name="Default test" time="8.934" errors="0" timestamp="2023-05-29T03:03:04 EDT">
  <testcase classname="tek.api.sqa.tests.GetAllAccountTest" name="getAllAccountTest" time="5.043"/>
  <testcase classname="tek.api.sqa.tests.TokenVerifyTest" name="verifyValidToken" time="0.831"/>
  <testcase classname="tek.api.sqa.tests.SecurityTest" name="testGenerateToken" time="0.512"/>
  <testcase classname="tek.api.sqa.tests.SecurityTest" name="tokenWithInvalidDataTest" time="0.359"/>
  <testcase classname="tek.api.sqa.tests.SecurityTest" name="tokenWithInvalidDataTest" time="0.454"/>
  <testcase classname="tek.api.sqa.tests.GetAccountTest" name="getAccountWithExistingId" time="1.044"/>
</testsuite> <!-- Default test -->
