<?xml version="1.0" encoding="UTF-8"?>
<testng-results ignored="0" total="1" passed="1" failed="0" skipped="0">
  <reporter-output>
  </reporter-output>
  <suite started-at="2023-06-01T17:59:43 EDT" name="Default suite" finished-at="2023-06-01T17:59:48 EDT" duration-ms="4533">
    <groups>
    </groups>
    <test started-at="2023-06-01T17:59:43 EDT" name="Default test" finished-at="2023-06-01T17:59:48 EDT" duration-ms="4533">
      <class name="tek.api.sqa.tests.HomeWorkAPITest">
        <test-method is-config="true" signature="setupApiTest()[pri:0, instance:tek.api.sqa.tests.HomeWorkAPITest@461ad730]" started-at="2023-06-01T17:59:44 EDT" name="setupApiTest" finished-at="2023-06-01T17:59:44 EDT" duration-ms="380" status="PASS">
          <reporter-output>
          </reporter-output>
        </test-method> <!-- setupApiTest -->
        <test-method signature="createAccountTestWithDBValidation()[pri:0, instance:tek.api.sqa.tests.HomeWorkAPITest@461ad730]" started-at="2023-06-01T17:59:44 EDT" name="createAccountTestWithDBValidation" finished-at="2023-06-01T17:59:48 EDT" duration-ms="3848" status="PASS">
          <reporter-output>
          </reporter-output>
        </test-method> <!-- createAccountTestWithDBValidation -->
      </class> <!-- tek.api.sqa.tests.HomeWorkAPITest -->
    </test> <!-- Default test -->
  </suite> <!-- Default suite -->
</testng-results>
